Build started 5/12/2014 8:47:08 PM.
     1>Project "D:\diego\vs_projects\cPlusPlusPlayground\cPlusPlusPlayground\cPlusPlusPlayground.vcxproj" on node 2 (Rebuild target(s)).
     1>ClCompile:
         D:\install_bin\ms_vs_2013_ultimate\VC\bin\CL.exe /c /Zi /nologo /W3 /WX- /sdl /O2 /Oi /Oy- /GL /D WIN32 /D NDEBUG /D _CONSOLE /D _LIB /D _UNICODE /D UNICODE /Gm- /EHsc /MD /GS /Gy /fp:precise /Zc:wchar_t /Zc:forScope /Yc"stdafx.h" /Fp"Release\cPlusPlusPlayground.pch" /Fo"Release\\" /Fd"Release\vc120.pdb" /Gd /TP /analyze- /errorReport:prompt stdafx.cpp
         stdafx.cpp
         D:\install_bin\ms_vs_2013_ultimate\VC\bin\CL.exe /c /Zi /nologo /W3 /WX- /sdl /O2 /Oi /Oy- /GL /D WIN32 /D NDEBUG /D _CONSOLE /D _LIB /D _UNICODE /D UNICODE /Gm- /EHsc /MD /GS /Gy /fp:precise /Zc:wchar_t /Zc:forScope /Yu"stdafx.h" /Fp"Release\cPlusPlusPlayground.pch" /Fo"Release\\" /Fd"Release\vc120.pdb" /Gd /TP /analyze- /errorReport:prompt Centavos.cpp cPlusPlusPlayground.cpp StdCBasic.cpp StructBasic.cpp
         Centavos.cpp
         cPlusPlusPlayground.cpp
         StdCBasic.cpp
         StructBasic.cpp
       Link:
         D:\install_bin\ms_vs_2013_ultimate\VC\bin\link.exe /ERRORREPORT:PROMPT /OUT:"D:\diego\vs_projects\cPlusPlusPlayground\Release\cPlusPlusPlayground.exe" /INCREMENTAL:NO /NOLOGO kernel32.lib user32.lib gdi32.lib winspool.lib comdlg32.lib advapi32.lib shell32.lib ole32.lib oleaut32.lib uuid.lib odbc32.lib odbccp32.lib /MANIFEST /MANIFESTUAC:"level='asInvoker' uiAccess='false'" /manifest:embed /DEBUG /PDB:"D:\diego\vs_projects\cPlusPlusPlayground\Release\cPlusPlusPlayground.pdb" /SUBSYSTEM:CONSOLE /OPT:REF /OPT:ICF /LTCG /TLBID:1 /DYNAMICBASE /NXCOMPAT /IMPLIB:"D:\diego\vs_projects\cPlusPlusPlayground\Release\cPlusPlusPlayground.lib" /MACHINE:X86 /SAFESEH Release\Centavos.obj
         Release\cPlusPlusPlayground.obj
         Release\stdafx.obj
         Release\StdCBasic.obj
         Release\StructBasic.obj
         Generating code
         Finished generating code
         cPlusPlusPlayground.vcxproj -> D:\diego\vs_projects\cPlusPlusPlayground\Release\cPlusPlusPlayground.exe
     1>Done Building Project "D:\diego\vs_projects\cPlusPlusPlayground\cPlusPlusPlayground\cPlusPlusPlayground.vcxproj" (Rebuild target(s)).

Build succeeded.

Time Elapsed 00:00:05.17
